<?xml version="1.0" encoding="UTF-8"?>
<!-- Generated by org.testng.reporters.JUnitXMLReporter -->
<testsuite hostname="DESKTOP-72RT92K" ignored="8" name="EdgeTest" tests="12" failures="0" timestamp="2020-08-28T14:03:47 IST" time="0.135" errors="0">
  <testcase name="@BeforeClass beforeClass" time="0.0" classname="com.hero.config.StartBrowser">
    <failure type="java.lang.NullPointerException">
      <![CDATA[java.lang.NullPointerException
at com.hero.config.StartBrowser.beforeClass(StartBrowser.java:110)
at java.util.ArrayList.forEach(ArrayList.java:1257)
at java.util.concurrent.FutureTask.run(FutureTask.java:266)
at java.util.concurrent.ThreadPoolExecutor.runWorker(ThreadPoolExecutor.java:1149)
at java.util.concurrent.ThreadPoolExecutor$Worker.run(ThreadPoolExecutor.java:624)
at java.lang.Thread.run(Thread.java:748)
... Removed 16 stack frames]]>
    </failure>
  </testcase> <!-- @BeforeClass beforeClass -->
  <testcase name="@BeforeMethod setup" time="-1.598603627293E9" classname="com.hero.config.StartBrowser">
    <skipped/>
  </testcase> <!-- @BeforeMethod setup -->
  <testcase name="@AfterMethod getResult" time="-1.598603627297E9" classname="com.hero.config.StartBrowser">
    <skipped/>
  </testcase> <!-- @AfterMethod getResult -->
  <testcase name="@AfterClass afterClass" time="-1.598603627299E9" classname="com.hero.config.StartBrowser">
    <skipped/>
  </testcase> <!-- @AfterClass afterClass -->
  <testcase name="@BeforeClass beforeClass" time="0.001" classname="com.hero.config.StartBrowser">
    <failure type="java.lang.NullPointerException">
      <![CDATA[java.lang.NullPointerException
at com.hero.config.StartBrowser.beforeClass(StartBrowser.java:110)
at java.util.ArrayList.forEach(ArrayList.java:1257)
at java.util.concurrent.FutureTask.run(FutureTask.java:266)
at java.util.concurrent.ThreadPoolExecutor.runWorker(ThreadPoolExecutor.java:1149)
at java.util.concurrent.ThreadPoolExecutor$Worker.run(ThreadPoolExecutor.java:624)
at java.lang.Thread.run(Thread.java:748)
... Removed 16 stack frames]]>
    </failure>
  </testcase> <!-- @BeforeClass beforeClass -->
  <testcase name="@BeforeMethod setup" time="-1.598603627304E9" classname="com.hero.config.StartBrowser">
    <skipped/>
  </testcase> <!-- @BeforeMethod setup -->
  <testcase name="@AfterMethod getResult" time="-1.598603627309E9" classname="com.hero.config.StartBrowser">
    <skipped/>
  </testcase> <!-- @AfterMethod getResult -->
  <testcase name="@BeforeMethod setup" time="-1.598603627324E9" classname="com.hero.config.StartBrowser">
    <skipped/>
  </testcase> <!-- @BeforeMethod setup -->
  <testcase name="@AfterMethod getResult" time="-1.598603627327E9" classname="com.hero.config.StartBrowser">
    <skipped/>
  </testcase> <!-- @AfterMethod getResult -->
  <testcase name="@BeforeMethod setup" time="-1.598603627329E9" classname="com.hero.config.StartBrowser">
    <skipped/>
  </testcase> <!-- @BeforeMethod setup -->
  <testcase name="@AfterMethod getResult" time="-1.598603627333E9" classname="com.hero.config.StartBrowser">
    <skipped/>
  </testcase> <!-- @AfterMethod getResult -->
  <testcase name="@BeforeMethod setup" time="-1.598603627342E9" classname="com.hero.config.StartBrowser">
    <skipped/>
  </testcase> <!-- @BeforeMethod setup -->
  <testcase name="@AfterMethod getResult" time="-1.598603627347E9" classname="com.hero.config.StartBrowser">
    <skipped/>
  </testcase> <!-- @AfterMethod getResult -->
  <testcase name="@BeforeMethod setup" time="-1.598603627349E9" classname="com.hero.config.StartBrowser">
    <skipped/>
  </testcase> <!-- @BeforeMethod setup -->
  <testcase name="@AfterMethod getResult" time="-1.598603627354E9" classname="com.hero.config.StartBrowser">
    <skipped/>
  </testcase> <!-- @AfterMethod getResult -->
  <testcase name="@BeforeMethod setup" time="-1.598603627357E9" classname="com.hero.config.StartBrowser">
    <skipped/>
  </testcase> <!-- @BeforeMethod setup -->
  <testcase name="@AfterMethod getResult" time="-1.598603627363E9" classname="com.hero.config.StartBrowser">
    <skipped/>
  </testcase> <!-- @AfterMethod getResult -->
  <testcase name="@BeforeMethod setup" time="-1.598603627366E9" classname="com.hero.config.StartBrowser">
    <skipped/>
  </testcase> <!-- @BeforeMethod setup -->
  <testcase name="@AfterMethod getResult" time="-1.598603627372E9" classname="com.hero.config.StartBrowser">
    <skipped/>
  </testcase> <!-- @AfterMethod getResult -->
  <testcase name="@BeforeMethod setup" time="-1.598603627375E9" classname="com.hero.config.StartBrowser">
    <skipped/>
  </testcase> <!-- @BeforeMethod setup -->
  <testcase name="@AfterMethod getResult" time="-1.598603627378E9" classname="com.hero.config.StartBrowser">
    <skipped/>
  </testcase> <!-- @AfterMethod getResult -->
  <testcase name="@BeforeMethod setup" time="-1.598603627384E9" classname="com.hero.config.StartBrowser">
    <skipped/>
  </testcase> <!-- @BeforeMethod setup -->
  <testcase name="@AfterMethod getResult" time="-1.598603627388E9" classname="com.hero.config.StartBrowser">
    <skipped/>
  </testcase> <!-- @AfterMethod getResult -->
  <testcase name="@BeforeMethod setup" time="-1.598603627391E9" classname="com.hero.config.StartBrowser">
    <skipped/>
  </testcase> <!-- @BeforeMethod setup -->
  <testcase name="@AfterMethod getResult" time="-1.598603627394E9" classname="com.hero.config.StartBrowser">
    <skipped/>
  </testcase> <!-- @AfterMethod getResult -->
  <testcase name="@AfterClass afterClass" time="-1.598603627396E9" classname="com.hero.config.StartBrowser">
    <skipped/>
  </testcase> <!-- @AfterClass afterClass -->
  <testcase name="@BeforeClass beforeClass" time="0.001" classname="com.hero.config.StartBrowser">
    <failure type="java.lang.NullPointerException">
      <![CDATA[java.lang.NullPointerException
at com.hero.config.StartBrowser.beforeClass(StartBrowser.java:110)
at java.util.ArrayList.forEach(ArrayList.java:1257)
at java.util.concurrent.FutureTask.run(FutureTask.java:266)
at java.util.concurrent.ThreadPoolExecutor.runWorker(ThreadPoolExecutor.java:1149)
at java.util.concurrent.ThreadPoolExecutor$Worker.run(ThreadPoolExecutor.java:624)
at java.lang.Thread.run(Thread.java:748)
... Removed 16 stack frames]]>
    </failure>
  </testcase> <!-- @BeforeClass beforeClass -->
  <testcase name="@BeforeMethod setup" time="-1.598603627405E9" classname="com.hero.config.StartBrowser">
    <skipped/>
  </testcase> <!-- @BeforeMethod setup -->
  <testcase name="@AfterMethod getResult" time="-1.598603627411E9" classname="com.hero.config.StartBrowser">
    <skipped/>
  </testcase> <!-- @AfterMethod getResult -->
  <testcase name="@AfterClass afterClass" time="-1.598603627413E9" classname="com.hero.config.StartBrowser">
    <skipped/>
  </testcase> <!-- @AfterClass afterClass -->
  <testcase name="verifyRegistration" time="0.0" classname="com.hero.testCases2.TC_RegistrationForm1_001">
    <skipped/>
  </testcase> <!-- verifyRegistration -->
  <testcase name="verifyRegWithDoNotWantCoverage" time="0.0" classname="com.hero.testCases2.TC_RegForm1HealthInsPlnNoWithWvngCovgReason_002">
    <skipped/>
  </testcase> <!-- verifyRegWithDoNotWantCoverage -->
  <testcase name="verifyRegWithIndividual" time="0.0" classname="com.hero.testCases2.TC_RegForm1HealthInsPlnNoWithWvngCovgReason_002">
    <skipped/>
  </testcase> <!-- verifyRegWithIndividual -->
  <testcase name="verifyRegWithMedicaid" time="0.0" classname="com.hero.testCases2.TC_RegForm1HealthInsPlnNoWithWvngCovgReason_002">
    <skipped/>
  </testcase> <!-- verifyRegWithMedicaid -->
  <testcase name="verifyRegWithMedicare" time="0.0" classname="com.hero.testCases2.TC_RegForm1HealthInsPlnNoWithWvngCovgReason_002">
    <skipped/>
  </testcase> <!-- verifyRegWithMedicare -->
  <testcase name="verifyRegWithOtherReason" time="0.0" classname="com.hero.testCases2.TC_RegForm1HealthInsPlnNoWithWvngCovgReason_002">
    <skipped/>
  </testcase> <!-- verifyRegWithOtherReason -->
  <testcase name="verifyRegWithSUnderAnotherPln" time="0.0" classname="com.hero.testCases2.TC_RegForm1HealthInsPlnNoWithWvngCovgReason_002">
    <skipped/>
  </testcase> <!-- verifyRegWithSUnderAnotherPln -->
  <testcase name="verifyRegWithSpousePln" time="0.0" classname="com.hero.testCases2.TC_RegForm1HealthInsPlnNoWithWvngCovgReason_002">
    <skipped/>
  </testcase> <!-- verifyRegWithSpousePln -->
  <testcase name="verifyRegWithVeterans" time="0.0" classname="com.hero.testCases2.TC_RegForm1HealthInsPlnNoWithWvngCovgReason_002">
    <skipped/>
  </testcase> <!-- verifyRegWithVeterans -->
  <testcase name="verifyRegWithWaitingPriod" time="0.0" classname="com.hero.testCases2.TC_RegForm1HealthInsPlnNoWithWvngCovgReason_002">
    <skipped/>
  </testcase> <!-- verifyRegWithWaitingPriod -->
  <testcase name="verifyRegWithselNotEligible" time="0.0" classname="com.hero.testCases2.TC_RegForm1HealthInsPlnNoWithWvngCovgReason_002">
    <skipped/>
  </testcase> <!-- verifyRegWithselNotEligible -->
  <testcase name="VerifyRegForm1MedCondTrtmntYes_3" time="0.0" classname="com.hero.testCases2.TC_VerifyRegForm1MedCondTrtmntYes_003">
    <skipped/>
  </testcase> <!-- VerifyRegForm1MedCondTrtmntYes_3 -->
  <testcase name="@BeforeSuite beforeSuite" time="0.0" classname="com.hero.config.StartBrowser">
    <ignored/>
  </testcase> <!-- @BeforeSuite beforeSuite -->
  <testcase name="@BeforeSuite beforeSuite" time="0.0" classname="com.hero.config.StartBrowser">
    <ignored/>
  </testcase> <!-- @BeforeSuite beforeSuite -->
  <testcase name="@AfterTest afterTest" time="0.0" classname="com.hero.config.StartBrowser">
    <ignored/>
  </testcase> <!-- @AfterTest afterTest -->
  <testcase name="@AfterTest afterTest" time="0.0" classname="com.hero.config.StartBrowser">
    <ignored/>
  </testcase> <!-- @AfterTest afterTest -->
  <testcase name="@AfterSuite afterSuite" time="0.0" classname="com.hero.config.StartBrowser">
    <ignored/>
  </testcase> <!-- @AfterSuite afterSuite -->
  <testcase name="@AfterSuite afterSuite" time="0.0" classname="com.hero.config.StartBrowser">
    <ignored/>
  </testcase> <!-- @AfterSuite afterSuite -->
  <testcase name="@BeforeTest extentReporGenerator" time="0.0" classname="com.hero.config.StartBrowser">
    <ignored/>
  </testcase> <!-- @BeforeTest extentReporGenerator -->
  <testcase name="@BeforeTest extentReporGenerator" time="0.0" classname="com.hero.config.StartBrowser">
    <ignored/>
  </testcase> <!-- @BeforeTest extentReporGenerator -->
</testsuite> <!-- EdgeTest -->
